ARM GAS  C:\Users\kevin\AppData\Local\Temp\ccPuLvHd.s 			page 1


   1              		.syntax unified
   2              		.cpu cortex-m3
   3              		.fpu softvfp
   4              		.eabi_attribute 20, 1
   5              		.eabi_attribute 21, 1
   6              		.eabi_attribute 23, 3
   7              		.eabi_attribute 24, 1
   8              		.eabi_attribute 25, 1
   9              		.eabi_attribute 26, 1
  10              		.eabi_attribute 30, 1
  11              		.eabi_attribute 34, 1
  12              		.eabi_attribute 18, 4
  13              		.thumb
  14              		.syntax unified
  15              		.file	"cymetadata.c"
  16              		.text
  17              	.Ltext0:
  18              		.cfi_sections	.debug_frame
  19              		.global	cy_metadata
  20              		.global	cy_meta_flashprotect
  21              		.global	cy_meta_wonvl
  22              		.global	cy_meta_custnvl
  23              		.global	cy_meta_configecc
  24              		.section	.cyconfigecc,"a",%progbits
  25              		.align	2
  26              		.type	cy_meta_configecc, %object
  27              		.size	cy_meta_configecc, 252
  28              	cy_meta_configecc:
  29 0000 02       		.byte	2
  30 0001 52       		.byte	82
  31 0002 00       		.byte	0
  32 0003 40       		.byte	64
  33 0004 01       		.byte	1
  34 0005 09       		.byte	9
  35 0006 01       		.byte	1
  36 0007 40       		.byte	64
  37 0008 04       		.byte	4
  38 0009 0A       		.byte	10
  39 000a 01       		.byte	1
  40 000b 40       		.byte	64
  41 000c 01       		.byte	1
  42 000d 0B       		.byte	11
  43 000e 01       		.byte	1
  44 000f 40       		.byte	64
  45 0010 04       		.byte	4
  46 0011 15       		.byte	21
  47 0012 01       		.byte	1
  48 0013 40       		.byte	64
  49 0014 01       		.byte	1
  50 0015 17       		.byte	23
  51 0016 01       		.byte	1
  52 0017 40       		.byte	64
  53 0018 01       		.byte	1
  54 0019 19       		.byte	25
  55 001a 01       		.byte	1
  56 001b 40       		.byte	64
  57 001c 04       		.byte	4
ARM GAS  C:\Users\kevin\AppData\Local\Temp\ccPuLvHd.s 			page 2


  58 001d 1B       		.byte	27
  59 001e 01       		.byte	1
  60 001f 40       		.byte	64
  61 0020 02       		.byte	2
  62 0021 42       		.byte	66
  63 0022 01       		.byte	1
  64 0023 40       		.byte	64
  65 0024 01       		.byte	1
  66 0025 43       		.byte	67
  67 0026 01       		.byte	1
  68 0027 40       		.byte	64
  69 0028 02       		.byte	2
  70 0029 44       		.byte	68
  71 002a 01       		.byte	1
  72 002b 40       		.byte	64
  73 002c 01       		.byte	1
  74 002d 45       		.byte	69
  75 002e 01       		.byte	1
  76 002f 40       		.byte	64
  77 0030 03       		.byte	3
  78 0031 46       		.byte	70
  79 0032 01       		.byte	1
  80 0033 40       		.byte	64
  81 0034 03       		.byte	3
  82 0035 47       		.byte	71
  83 0036 01       		.byte	1
  84 0037 40       		.byte	64
  85 0038 05       		.byte	5
  86 0039 48       		.byte	72
  87 003a 01       		.byte	1
  88 003b 40       		.byte	64
  89 003c 11       		.byte	17
  90 003d 49       		.byte	73
  91 003e 01       		.byte	1
  92 003f 40       		.byte	64
  93 0040 09       		.byte	9
  94 0041 4C       		.byte	76
  95 0042 01       		.byte	1
  96 0043 40       		.byte	64
  97 0044 07       		.byte	7
  98 0045 4D       		.byte	77
  99 0046 01       		.byte	1
 100 0047 40       		.byte	64
 101 0048 01       		.byte	1
 102 0049 51       		.byte	81
 103 004a 01       		.byte	1
 104 004b 40       		.byte	64
 105 004c 60       		.byte	96
 106 004d 02       		.byte	2
 107 004e 64       		.byte	100
 108 004f 03       		.byte	3
 109 0050 B5       		.byte	-75
 110 0051 02       		.byte	2
 111 0052 B8       		.byte	-72
 112 0053 02       		.byte	2
 113 0054 BE       		.byte	-66
 114 0055 01       		.byte	1
ARM GAS  C:\Users\kevin\AppData\Local\Temp\ccPuLvHd.s 			page 3


 115 0056 D8       		.byte	-40
 116 0057 04       		.byte	4
 117 0058 DF       		.byte	-33
 118 0059 01       		.byte	1
 119 005a 1D       		.byte	29
 120 005b 02       		.byte	2
 121 005c E0       		.byte	-32
 122 005d 08       		.byte	8
 123 005e E4       		.byte	-28
 124 005f 01       		.byte	1
 125 0060 EA       		.byte	-22
 126 0061 05       		.byte	5
 127 0062 EC       		.byte	-20
 128 0063 10       		.byte	16
 129 0064 E2       		.byte	-30
 130 0065 04       		.byte	4
 131 0066 E2       		.byte	-30
 132 0067 04       		.byte	4
 133 0068 E0       		.byte	-32
 134 0069 08       		.byte	8
 135 006a E4       		.byte	-28
 136 006b 01       		.byte	1
 137 006c EA       		.byte	-22
 138 006d 05       		.byte	5
 139 006e EC       		.byte	-20
 140 006f 10       		.byte	16
 141 0070 3E       		.byte	62
 142 0071 10       		.byte	16
 143 0072 CE       		.byte	-50
 144 0073 20       		.byte	32
 145 0074 96       		.byte	-106
 146 0075 10       		.byte	16
 147 0076 7C       		.byte	124
 148 0077 01       		.byte	1
 149 0078 DE       		.byte	-34
 150 0079 01       		.byte	1
 151 007a 94       		.byte	-108
 152 007b 01       		.byte	1
 153 007c 45       		.byte	69
 154 007d 08       		.byte	8
 155 007e 94       		.byte	-108
 156 007f 01       		.byte	1
 157 0080 D0       		.byte	-48
 158 0081 01       		.byte	1
 159 0082 A5       		.byte	-91
 160 0083 08       		.byte	8
 161 0084 B4       		.byte	-76
 162 0085 01       		.byte	1
 163 0086 EC       		.byte	-20
 164 0087 08       		.byte	8
 165 0088 25       		.byte	37
 166 0089 10       		.byte	16
 167 008a 82       		.byte	-126
 168 008b 20       		.byte	32
 169 008c 96       		.byte	-106
 170 008d 10       		.byte	16
 171 008e C8       		.byte	-56
ARM GAS  C:\Users\kevin\AppData\Local\Temp\ccPuLvHd.s 			page 4


 172 008f 20       		.byte	32
 173 0090 E2       		.byte	-30
 174 0091 20       		.byte	32
 175 0092 12       		.byte	18
 176 0093 20       		.byte	32
 177 0094 16       		.byte	22
 178 0095 40       		.byte	64
 179 0096 72       		.byte	114
 180 0097 20       		.byte	32
 181 0098 77       		.byte	119
 182 0099 10       		.byte	16
 183 009a 82       		.byte	-126
 184 009b 20       		.byte	32
 185 009c 86       		.byte	-122
 186 009d 40       		.byte	64
 187 009e 9A       		.byte	-102
 188 009f 20       		.byte	32
 189 00a0 9B       		.byte	-101
 190 00a1 10       		.byte	16
 191 00a2 AA       		.byte	-86
 192 00a3 10       		.byte	16
 193 00a4 AB       		.byte	-85
 194 00a5 10       		.byte	16
 195 00a6 B5       		.byte	-75
 196 00a7 10       		.byte	16
 197 00a8 C4       		.byte	-60
 198 00a9 30       		.byte	48
 199 00aa DC       		.byte	-36
 200 00ab 80       		.byte	-128
 201 00ac DE       		.byte	-34
 202 00ad 20       		.byte	32
 203 00ae E0       		.byte	-32
 204 00af 10       		.byte	16
 205 00b0 E4       		.byte	-28
 206 00b1 80       		.byte	-128
 207 00b2 EA       		.byte	-22
 208 00b3 A0       		.byte	-96
 209 00b4 10       		.byte	16
 210 00b5 80       		.byte	-128
 211 00b6 13       		.byte	19
 212 00b7 20       		.byte	32
 213 00b8 17       		.byte	23
 214 00b9 08       		.byte	8
 215 00ba 7B       		.byte	123
 216 00bb 10       		.byte	16
 217 00bc 7F       		.byte	127
 218 00bd 40       		.byte	64
 219 00be 80       		.byte	-128
 220 00bf 80       		.byte	-128
 221 00c0 A5       		.byte	-91
 222 00c1 08       		.byte	8
 223 00c2 C4       		.byte	-60
 224 00c3 0E       		.byte	14
 225 00c4 DE       		.byte	-34
 226 00c5 03       		.byte	3
 227 00c6 83       		.byte	-125
 228 00c7 10       		.byte	16
ARM GAS  C:\Users\kevin\AppData\Local\Temp\ccPuLvHd.s 			page 5


 229 00c8 87       		.byte	-121
 230 00c9 40       		.byte	64
 231 00ca 97       		.byte	-105
 232 00cb 80       		.byte	-128
 233 00cc A7       		.byte	-89
 234 00cd 10       		.byte	16
 235 00ce AB       		.byte	-85
 236 00cf 28       		.byte	40
 237 00d0 B5       		.byte	-75
 238 00d1 08       		.byte	8
 239 00d2 EC       		.byte	-20
 240 00d3 08       		.byte	8
 241 00d4 03       		.byte	3
 242 00d5 C0       		.byte	-64
 243 00d6 00       		.byte	0
 244 00d7 00       		.byte	0
 245 00d8 03       		.byte	3
 246 00d9 00       		.byte	0
 247 00da 00       		.byte	0
 248 00db 00       		.byte	0
 249 00dc 03       		.byte	3
 250 00dd 00       		.byte	0
 251 00de 03       		.byte	3
 252 00df 00       		.byte	0
 253 00e0 00       		.byte	0
 254 00e1 00       		.byte	0
 255 00e2 00       		.byte	0
 256 00e3 00       		.byte	0
 257 00e4 00       		.byte	0
 258 00e5 0B       		.byte	11
 259 00e6 0B       		.byte	11
 260 00e7 00       		.byte	0
 261 00e8 00       		.byte	0
 262 00e9 00       		.byte	0
 263 00ea 00       		.byte	0
 264 00eb 00       		.byte	0
 265 00ec 01       		.byte	1
 266 00ed 00       		.byte	0
 267 00ee 00       		.byte	0
 268 00ef 01       		.byte	1
 269 00f0 00       		.byte	0
 270 00f1 00       		.byte	0
 271 00f2 00       		.byte	0
 272 00f3 00       		.byte	0
 273 00f4 01       		.byte	1
 274 00f5 00       		.byte	0
 275 00f6 00       		.byte	0
 276 00f7 00       		.byte	0
 277 00f8 07       		.byte	7
 278 00f9 00       		.byte	0
 279 00fa 18       		.byte	24
 280 00fb 01       		.byte	1
 281              		.section	.cywolatch,"a",%progbits
 282              		.align	2
 283              		.type	cy_meta_wonvl, %object
 284              		.size	cy_meta_wonvl, 4
 285              	cy_meta_wonvl:
ARM GAS  C:\Users\kevin\AppData\Local\Temp\ccPuLvHd.s 			page 6


 286 0000 BC       		.byte	-68
 287 0001 90       		.byte	-112
 288 0002 AC       		.byte	-84
 289 0003 AF       		.byte	-81
 290              		.section	.cycustnvl,"a",%progbits
 291              		.align	2
 292              		.type	cy_meta_custnvl, %object
 293              		.size	cy_meta_custnvl, 4
 294              	cy_meta_custnvl:
 295 0000 00       		.byte	0
 296 0001 00       		.byte	0
 297 0002 40       		.byte	64
 298 0003 05       		.byte	5
 299              		.section	.cymeta,"a",%progbits
 300              		.align	2
 301              		.type	cy_metadata, %object
 302              		.size	cy_metadata, 12
 303              	cy_metadata:
 304 0000 00       		.byte	0
 305 0001 01       		.byte	1
 306 0002 2E       		.byte	46
 307 0003 16       		.byte	22
 308 0004 10       		.byte	16
 309 0005 69       		.byte	105
 310 0006 00       		.byte	0
 311 0007 01       		.byte	1
 312 0008 00       		.byte	0
 313 0009 00       		.byte	0
 314 000a 00       		.byte	0
 315 000b 00       		.byte	0
 316              		.section	.cyflashprotect,"a",%progbits
 317              		.align	2
 318              		.type	cy_meta_flashprotect, %object
 319              		.size	cy_meta_flashprotect, 256
 320              	cy_meta_flashprotect:
 321 0000 00000000 		.space	256
 321      00000000 
 321      00000000 
 321      00000000 
 321      00000000 
 322              		.text
 323              	.Letext0:
 324              		.file 1 "c:\\program files (x86)\\cypress\\psoc creator\\4.4\\psoc creator\\import\\gnu\\arm\\5.4.
 325              		.file 2 "c:\\program files (x86)\\cypress\\psoc creator\\4.4\\psoc creator\\import\\gnu\\arm\\5.4.
 326              		.file 3 "Generated_Source\\PSoC5\\cymetadata.c"
 327              		.section	.debug_info,"",%progbits
 328              	.Ldebug_info0:
 329 0000 30010000 		.4byte	0x130
 330 0004 0400     		.2byte	0x4
 331 0006 00000000 		.4byte	.Ldebug_abbrev0
 332 000a 04       		.byte	0x4
 333 000b 01       		.uleb128 0x1
 334 000c A9000000 		.4byte	.LASF17
 335 0010 0C       		.byte	0xc
 336 0011 03020000 		.4byte	.LASF18
 337 0015 0A000000 		.4byte	.LASF19
 338 0019 00000000 		.4byte	.Ldebug_line0
ARM GAS  C:\Users\kevin\AppData\Local\Temp\ccPuLvHd.s 			page 7


 339 001d 02       		.uleb128 0x2
 340 001e 01       		.byte	0x1
 341 001f 06       		.byte	0x6
 342 0020 F7010000 		.4byte	.LASF0
 343 0024 03       		.uleb128 0x3
 344 0025 00000000 		.4byte	.LASF9
 345 0029 01       		.byte	0x1
 346 002a 1D       		.byte	0x1d
 347 002b 2F000000 		.4byte	0x2f
 348 002f 02       		.uleb128 0x2
 349 0030 01       		.byte	0x1
 350 0031 08       		.byte	0x8
 351 0032 9B000000 		.4byte	.LASF1
 352 0036 02       		.uleb128 0x2
 353 0037 02       		.byte	0x2
 354 0038 05       		.byte	0x5
 355 0039 E4010000 		.4byte	.LASF2
 356 003d 02       		.uleb128 0x2
 357 003e 02       		.byte	0x2
 358 003f 07       		.byte	0x7
 359 0040 49010000 		.4byte	.LASF3
 360 0044 02       		.uleb128 0x2
 361 0045 04       		.byte	0x4
 362 0046 05       		.byte	0x5
 363 0047 EE010000 		.4byte	.LASF4
 364 004b 02       		.uleb128 0x2
 365 004c 04       		.byte	0x4
 366 004d 07       		.byte	0x7
 367 004e 37010000 		.4byte	.LASF5
 368 0052 02       		.uleb128 0x2
 369 0053 08       		.byte	0x8
 370 0054 05       		.byte	0x5
 371 0055 D6010000 		.4byte	.LASF6
 372 0059 02       		.uleb128 0x2
 373 005a 08       		.byte	0x8
 374 005b 07       		.byte	0x7
 375 005c 8B010000 		.4byte	.LASF7
 376 0060 04       		.uleb128 0x4
 377 0061 04       		.byte	0x4
 378 0062 05       		.byte	0x5
 379 0063 696E7400 		.ascii	"int\000"
 380 0067 02       		.uleb128 0x2
 381 0068 04       		.byte	0x4
 382 0069 07       		.byte	0x7
 383 006a 7E010000 		.4byte	.LASF8
 384 006e 03       		.uleb128 0x3
 385 006f A2010000 		.4byte	.LASF10
 386 0073 02       		.byte	0x2
 387 0074 18       		.byte	0x18
 388 0075 24000000 		.4byte	0x24
 389 0079 05       		.uleb128 0x5
 390 007a 90000000 		.4byte	0x90
 391 007e 89000000 		.4byte	0x89
 392 0082 06       		.uleb128 0x6
 393 0083 89000000 		.4byte	0x89
 394 0087 FB       		.byte	0xfb
 395 0088 00       		.byte	0
ARM GAS  C:\Users\kevin\AppData\Local\Temp\ccPuLvHd.s 			page 8


 396 0089 02       		.uleb128 0x2
 397 008a 04       		.byte	0x4
 398 008b 07       		.byte	0x7
 399 008c CD010000 		.4byte	.LASF11
 400 0090 07       		.uleb128 0x7
 401 0091 6E000000 		.4byte	0x6e
 402 0095 08       		.uleb128 0x8
 403 0096 6C010000 		.4byte	.LASF12
 404 009a 03       		.byte	0x3
 405 009b 1F       		.byte	0x1f
 406 009c A6000000 		.4byte	0xa6
 407 00a0 05       		.uleb128 0x5
 408 00a1 03       		.byte	0x3
 409 00a2 00000000 		.4byte	cy_meta_configecc
 410 00a6 07       		.uleb128 0x7
 411 00a7 79000000 		.4byte	0x79
 412 00ab 05       		.uleb128 0x5
 413 00ac 90000000 		.4byte	0x90
 414 00b0 BB000000 		.4byte	0xbb
 415 00b4 06       		.uleb128 0x6
 416 00b5 89000000 		.4byte	0x89
 417 00b9 03       		.byte	0x3
 418 00ba 00       		.byte	0
 419 00bb 08       		.uleb128 0x8
 420 00bc 5C010000 		.4byte	.LASF13
 421 00c0 03       		.byte	0x3
 422 00c1 4C       		.byte	0x4c
 423 00c2 CC000000 		.4byte	0xcc
 424 00c6 05       		.uleb128 0x5
 425 00c7 03       		.byte	0x3
 426 00c8 00000000 		.4byte	cy_meta_custnvl
 427 00cc 07       		.uleb128 0x7
 428 00cd AB000000 		.4byte	0xab
 429 00d1 08       		.uleb128 0x8
 430 00d2 BF010000 		.4byte	.LASF14
 431 00d6 03       		.byte	0x3
 432 00d7 5A       		.byte	0x5a
 433 00d8 E2000000 		.4byte	0xe2
 434 00dc 05       		.uleb128 0x5
 435 00dd 03       		.byte	0x3
 436 00de 00000000 		.4byte	cy_meta_wonvl
 437 00e2 07       		.uleb128 0x7
 438 00e3 AB000000 		.4byte	0xab
 439 00e7 05       		.uleb128 0x5
 440 00e8 90000000 		.4byte	0x90
 441 00ec F7000000 		.4byte	0xf7
 442 00f0 06       		.uleb128 0x6
 443 00f1 89000000 		.4byte	0x89
 444 00f5 FF       		.byte	0xff
 445 00f6 00       		.byte	0
 446 00f7 08       		.uleb128 0x8
 447 00f8 AA010000 		.4byte	.LASF15
 448 00fc 03       		.byte	0x3
 449 00fd 68       		.byte	0x68
 450 00fe 08010000 		.4byte	0x108
 451 0102 05       		.uleb128 0x5
 452 0103 03       		.byte	0x3
ARM GAS  C:\Users\kevin\AppData\Local\Temp\ccPuLvHd.s 			page 9


 453 0104 00000000 		.4byte	cy_meta_flashprotect
 454 0108 07       		.uleb128 0x7
 455 0109 E7000000 		.4byte	0xe7
 456 010d 05       		.uleb128 0x5
 457 010e 90000000 		.4byte	0x90
 458 0112 1D010000 		.4byte	0x11d
 459 0116 06       		.uleb128 0x6
 460 0117 89000000 		.4byte	0x89
 461 011b 0B       		.byte	0xb
 462 011c 00       		.byte	0
 463 011d 08       		.uleb128 0x8
 464 011e 8F000000 		.4byte	.LASF16
 465 0122 03       		.byte	0x3
 466 0123 95       		.byte	0x95
 467 0124 2E010000 		.4byte	0x12e
 468 0128 05       		.uleb128 0x5
 469 0129 03       		.byte	0x3
 470 012a 00000000 		.4byte	cy_metadata
 471 012e 07       		.uleb128 0x7
 472 012f 0D010000 		.4byte	0x10d
 473 0133 00       		.byte	0
 474              		.section	.debug_abbrev,"",%progbits
 475              	.Ldebug_abbrev0:
 476 0000 01       		.uleb128 0x1
 477 0001 11       		.uleb128 0x11
 478 0002 01       		.byte	0x1
 479 0003 25       		.uleb128 0x25
 480 0004 0E       		.uleb128 0xe
 481 0005 13       		.uleb128 0x13
 482 0006 0B       		.uleb128 0xb
 483 0007 03       		.uleb128 0x3
 484 0008 0E       		.uleb128 0xe
 485 0009 1B       		.uleb128 0x1b
 486 000a 0E       		.uleb128 0xe
 487 000b 10       		.uleb128 0x10
 488 000c 17       		.uleb128 0x17
 489 000d 00       		.byte	0
 490 000e 00       		.byte	0
 491 000f 02       		.uleb128 0x2
 492 0010 24       		.uleb128 0x24
 493 0011 00       		.byte	0
 494 0012 0B       		.uleb128 0xb
 495 0013 0B       		.uleb128 0xb
 496 0014 3E       		.uleb128 0x3e
 497 0015 0B       		.uleb128 0xb
 498 0016 03       		.uleb128 0x3
 499 0017 0E       		.uleb128 0xe
 500 0018 00       		.byte	0
 501 0019 00       		.byte	0
 502 001a 03       		.uleb128 0x3
 503 001b 16       		.uleb128 0x16
 504 001c 00       		.byte	0
 505 001d 03       		.uleb128 0x3
 506 001e 0E       		.uleb128 0xe
 507 001f 3A       		.uleb128 0x3a
 508 0020 0B       		.uleb128 0xb
 509 0021 3B       		.uleb128 0x3b
ARM GAS  C:\Users\kevin\AppData\Local\Temp\ccPuLvHd.s 			page 10


 510 0022 0B       		.uleb128 0xb
 511 0023 49       		.uleb128 0x49
 512 0024 13       		.uleb128 0x13
 513 0025 00       		.byte	0
 514 0026 00       		.byte	0
 515 0027 04       		.uleb128 0x4
 516 0028 24       		.uleb128 0x24
 517 0029 00       		.byte	0
 518 002a 0B       		.uleb128 0xb
 519 002b 0B       		.uleb128 0xb
 520 002c 3E       		.uleb128 0x3e
 521 002d 0B       		.uleb128 0xb
 522 002e 03       		.uleb128 0x3
 523 002f 08       		.uleb128 0x8
 524 0030 00       		.byte	0
 525 0031 00       		.byte	0
 526 0032 05       		.uleb128 0x5
 527 0033 01       		.uleb128 0x1
 528 0034 01       		.byte	0x1
 529 0035 49       		.uleb128 0x49
 530 0036 13       		.uleb128 0x13
 531 0037 01       		.uleb128 0x1
 532 0038 13       		.uleb128 0x13
 533 0039 00       		.byte	0
 534 003a 00       		.byte	0
 535 003b 06       		.uleb128 0x6
 536 003c 21       		.uleb128 0x21
 537 003d 00       		.byte	0
 538 003e 49       		.uleb128 0x49
 539 003f 13       		.uleb128 0x13
 540 0040 2F       		.uleb128 0x2f
 541 0041 0B       		.uleb128 0xb
 542 0042 00       		.byte	0
 543 0043 00       		.byte	0
 544 0044 07       		.uleb128 0x7
 545 0045 26       		.uleb128 0x26
 546 0046 00       		.byte	0
 547 0047 49       		.uleb128 0x49
 548 0048 13       		.uleb128 0x13
 549 0049 00       		.byte	0
 550 004a 00       		.byte	0
 551 004b 08       		.uleb128 0x8
 552 004c 34       		.uleb128 0x34
 553 004d 00       		.byte	0
 554 004e 03       		.uleb128 0x3
 555 004f 0E       		.uleb128 0xe
 556 0050 3A       		.uleb128 0x3a
 557 0051 0B       		.uleb128 0xb
 558 0052 3B       		.uleb128 0x3b
 559 0053 0B       		.uleb128 0xb
 560 0054 49       		.uleb128 0x49
 561 0055 13       		.uleb128 0x13
 562 0056 3F       		.uleb128 0x3f
 563 0057 19       		.uleb128 0x19
 564 0058 02       		.uleb128 0x2
 565 0059 18       		.uleb128 0x18
 566 005a 00       		.byte	0
ARM GAS  C:\Users\kevin\AppData\Local\Temp\ccPuLvHd.s 			page 11


 567 005b 00       		.byte	0
 568 005c 00       		.byte	0
 569              		.section	.debug_aranges,"",%progbits
 570 0000 14000000 		.4byte	0x14
 571 0004 0200     		.2byte	0x2
 572 0006 00000000 		.4byte	.Ldebug_info0
 573 000a 04       		.byte	0x4
 574 000b 00       		.byte	0
 575 000c 0000     		.2byte	0
 576 000e 0000     		.2byte	0
 577 0010 00000000 		.4byte	0
 578 0014 00000000 		.4byte	0
 579              		.section	.debug_line,"",%progbits
 580              	.Ldebug_line0:
 581 0000 3D010000 		.section	.debug_str,"MS",%progbits,1
 581      02003701 
 581      00000201 
 581      FB0E0D00 
 581      01010101 
 582              	.LASF9:
 583 0000 5F5F7569 		.ascii	"__uint8_t\000"
 583      6E74385F 
 583      7400
 584              	.LASF19:
 585 000a 433A5C55 		.ascii	"C:\\Users\\kevin\\Documents\\2024_1\\Embebidos\\Ter"
 585      73657273 
 585      5C6B6576 
 585      696E5C44 
 585      6F63756D 
 586 0037 63657220 		.ascii	"cer Corte\\Clase_5_07_2024\\Implementacion_Display_"
 586      436F7274 
 586      655C436C 
 586      6173655F 
 586      355F3037 
 587 0068 4F4C4544 		.ascii	"OLED\\Implementacion_Display_OLED.cydsn\000"
 587      5C496D70 
 587      6C656D65 
 587      6E746163 
 587      696F6E5F 
 588              	.LASF16:
 589 008f 63795F6D 		.ascii	"cy_metadata\000"
 589      65746164 
 589      61746100 
 590              	.LASF1:
 591 009b 756E7369 		.ascii	"unsigned char\000"
 591      676E6564 
 591      20636861 
 591      7200
 592              	.LASF17:
 593 00a9 474E5520 		.ascii	"GNU C11 5.4.1 20160609 (release) [ARM/embedded-5-br"
 593      43313120 
 593      352E342E 
 593      31203230 
 593      31363036 
 594 00dc 616E6368 		.ascii	"anch revision 237715] -mcpu=cortex-m3 -mthumb -g -O"
 594      20726576 
 594      6973696F 
ARM GAS  C:\Users\kevin\AppData\Local\Temp\ccPuLvHd.s 			page 12


 594      6E203233 
 594      37373135 
 595 010f 67202D66 		.ascii	"g -ffunction-sections -ffat-lto-objects\000"
 595      66756E63 
 595      74696F6E 
 595      2D736563 
 595      74696F6E 
 596              	.LASF5:
 597 0137 6C6F6E67 		.ascii	"long unsigned int\000"
 597      20756E73 
 597      69676E65 
 597      6420696E 
 597      7400
 598              	.LASF3:
 599 0149 73686F72 		.ascii	"short unsigned int\000"
 599      7420756E 
 599      7369676E 
 599      65642069 
 599      6E7400
 600              	.LASF13:
 601 015c 63795F6D 		.ascii	"cy_meta_custnvl\000"
 601      6574615F 
 601      63757374 
 601      6E766C00 
 602              	.LASF12:
 603 016c 63795F6D 		.ascii	"cy_meta_configecc\000"
 603      6574615F 
 603      636F6E66 
 603      69676563 
 603      6300
 604              	.LASF8:
 605 017e 756E7369 		.ascii	"unsigned int\000"
 605      676E6564 
 605      20696E74 
 605      00
 606              	.LASF7:
 607 018b 6C6F6E67 		.ascii	"long long unsigned int\000"
 607      206C6F6E 
 607      6720756E 
 607      7369676E 
 607      65642069 
 608              	.LASF10:
 609 01a2 75696E74 		.ascii	"uint8_t\000"
 609      385F7400 
 610              	.LASF15:
 611 01aa 63795F6D 		.ascii	"cy_meta_flashprotect\000"
 611      6574615F 
 611      666C6173 
 611      6870726F 
 611      74656374 
 612              	.LASF14:
 613 01bf 63795F6D 		.ascii	"cy_meta_wonvl\000"
 613      6574615F 
 613      776F6E76 
 613      6C00
 614              	.LASF11:
 615 01cd 73697A65 		.ascii	"sizetype\000"
ARM GAS  C:\Users\kevin\AppData\Local\Temp\ccPuLvHd.s 			page 13


 615      74797065 
 615      00
 616              	.LASF6:
 617 01d6 6C6F6E67 		.ascii	"long long int\000"
 617      206C6F6E 
 617      6720696E 
 617      7400
 618              	.LASF2:
 619 01e4 73686F72 		.ascii	"short int\000"
 619      7420696E 
 619      7400
 620              	.LASF4:
 621 01ee 6C6F6E67 		.ascii	"long int\000"
 621      20696E74 
 621      00
 622              	.LASF0:
 623 01f7 7369676E 		.ascii	"signed char\000"
 623      65642063 
 623      68617200 
 624              	.LASF18:
 625 0203 47656E65 		.ascii	"Generated_Source\\PSoC5\\cymetadata.c\000"
 625      72617465 
 625      645F536F 
 625      75726365 
 625      5C50536F 
 626              		.ident	"GCC: (GNU Tools for ARM Embedded Processors) 5.4.1 20160609 (release) [ARM/embedded-5-bran
